[0901/192050.051:INFO:CONSOLE(150)] "Event handler of 'x-storagemutated-1' event must be added on the initial evaluation of worker script.", source: https://static.whatsapp.net/rsrc.php/v3/y-/r/xxtkUXlM69z.js?_nc_x=Ij3Wp8lg5Kz (150)
[0901/192054.076:INFO:CONSOLE(0)] "Error with Permissions-Policy header: Feature xr-spatial-tracking's parameters are ignored.", source:  (0)
[0901/192054.080:INFO:CONSOLE(0)] "Error with Permissions-Policy header: Origin trial controlled feature not enabled: 'attribution-reporting'.", source:  (0)
[0901/192054.081:INFO:CONSOLE(0)] "Error with Permissions-Policy header: Unrecognized feature: 'compute-pressure'.", source:  (0)
[0901/192054.082:INFO:CONSOLE(0)] "Error with Permissions-Policy header: Origin trial controlled feature not enabled: 'interest-cohort'.", source:  (0)
[0901/192054.083:INFO:CONSOLE(0)] "Error with Permissions-Policy header: Unrecognized feature: 'private-state-token-issuance'.", source:  (0)
[0901/192054.084:INFO:CONSOLE(0)] "Error with Permissions-Policy header: Origin trial controlled feature not enabled: 'shared-storage'.", source:  (0)
[0901/192054.086:INFO:CONSOLE(0)] "Error with Permissions-Policy header: Unrecognized feature: 'shared-storage-select-url'.", source:  (0)
[0901/192054.087:INFO:CONSOLE(0)] "Error with Permissions-Policy header: Unrecognized feature: 'private-state-token-redemption'.", source:  (0)
[0901/192054.087:INFO:CONSOLE(0)] "Error with Permissions-Policy header: Unrecognized feature: 'unload'.", source:  (0)
[0901/192054.088:INFO:CONSOLE(0)] "Error with Permissions-Policy header: Unrecognized feature: 'window-management'.", source:  (0)
[0901/192057.132:INFO:CONSOLE(342)] "WAWebLoggerWorker initialized", source: https://static.whatsapp.net/rsrc.php/v3/yx/r/dTw2bpHg7DW.js?_nc_x=Ij3Wp8lg5Kz (342)
[0901/192057.133:INFO:CONSOLE(342)] "[storage] start setSchemaVersions from fts worker interface", source: https://static.whatsapp.net/rsrc.php/v3/yx/r/dTw2bpHg7DW.js?_nc_x=Ij3Wp8lg5Kz (342)
[0901/192057.137:INFO:CONSOLE(342)] "[storage] set schema versions: [model-storage,158,fts-storage,8,jobs-storage,1,lru-media-storage-idb,2,offd-storage,4,qpl-storage,0,signal-storage,6,worker-storage,1,sw,2,wawc,14,wawc_db_enc,2]. is worker? true", source: https://static.whatsapp.net/rsrc.php/v3/yx/r/dTw2bpHg7DW.js?_nc_x=Ij3Wp8lg5Kz (342)
[0901/192110.853:INFO:CONSOLE(342)] "FTS:Delegate: start indexer", source: https://static.whatsapp.net/rsrc.php/v3/yx/r/dTw2bpHg7DW.js?_nc_x=Ij3Wp8lg5Kz (342)
[0901/192110.853:INFO:CONSOLE(342)] "FTS:Delegate: start perform init", source: https://static.whatsapp.net/rsrc.php/v3/yx/r/dTw2bpHg7DW.js?_nc_x=Ij3Wp8lg5Kz (342)
[0901/192110.853:INFO:CONSOLE(342)] "FTS:Delegate: schema versions ready", source: https://static.whatsapp.net/rsrc.php/v3/yx/r/dTw2bpHg7DW.js?_nc_x=Ij3Wp8lg5Kz (342)
[0901/192110.853:INFO:CONSOLE(342)] "FTS:Delegate: before db initialization", source: https://static.whatsapp.net/rsrc.php/v3/yx/r/dTw2bpHg7DW.js?_nc_x=Ij3Wp8lg5Kz (342)
[0901/192113.193:INFO:CONSOLE(342)] "FTS:Delegate: after db initialization", source: https://static.whatsapp.net/rsrc.php/v3/yx/r/dTw2bpHg7DW.js?_nc_x=Ij3Wp8lg5Kz (342)
[0901/192114.014:INFO:CONSOLE(342)] "FTS:Manifest Writer: No changes made, current:['3.1', '1'], latest:['3.1', '1']", source: https://static.whatsapp.net/rsrc.php/v3/yx/r/dTw2bpHg7DW.js?_nc_x=Ij3Wp8lg5Kz (342)
[0901/192114.014:INFO:CONSOLE(342)] "FTS:Delegate: Inited", source: https://static.whatsapp.net/rsrc.php/v3/yx/r/dTw2bpHg7DW.js?_nc_x=Ij3Wp8lg5Kz (342)
[0901/192114.014:INFO:CONSOLE(342)] "FTS:Delegate: Init indexing ops", source: https://static.whatsapp.net/rsrc.php/v3/yx/r/dTw2bpHg7DW.js?_nc_x=Ij3Wp8lg5Kz (342)
[0901/192114.077:INFO:CONSOLE(342)] "FTS:Indexer:indexQueuedBatch: Starting new batch size : 1000", source: https://static.whatsapp.net/rsrc.php/v3/yx/r/dTw2bpHg7DW.js?_nc_x=Ij3Wp8lg5Kz (342)
[0901/192114.244:INFO:CONSOLE(342)] "FTS:Indexer:indexQueuedBatch: Completed batch", source: https://static.whatsapp.net/rsrc.php/v3/yx/r/dTw2bpHg7DW.js?_nc_x=Ij3Wp8lg5Kz (342)
[0901/192114.255:INFO:CONSOLE(342)] "FTS:Indexer:indexQueuedBatch: Completed", source: https://static.whatsapp.net/rsrc.php/v3/yx/r/dTw2bpHg7DW.js?_nc_x=Ij3Wp8lg5Kz (342)
[0901/192201.561:INFO:CONSOLE(342)] "FTS:Indexer:indexQueuedBatch: Starting new batch size : 1000", source: https://static.whatsapp.net/rsrc.php/v3/yx/r/dTw2bpHg7DW.js?_nc_x=Ij3Wp8lg5Kz (342)
[0901/192201.593:INFO:CONSOLE(342)] "FTS:Indexer:indexQueuedBatch: Completed batch", source: https://static.whatsapp.net/rsrc.php/v3/yx/r/dTw2bpHg7DW.js?_nc_x=Ij3Wp8lg5Kz (342)
[0901/192201.616:INFO:CONSOLE(342)] "FTS:Indexer:indexQueuedBatch: Completed", source: https://static.whatsapp.net/rsrc.php/v3/yx/r/dTw2bpHg7DW.js?_nc_x=Ij3Wp8lg5Kz (342)
[0901/192250.597:INFO:CONSOLE(342)] "FTS:Indexer:indexQueuedBatch: Starting new batch size : 1000", source: https://static.whatsapp.net/rsrc.php/v3/yx/r/dTw2bpHg7DW.js?_nc_x=Ij3Wp8lg5Kz (342)
[0901/192250.659:INFO:CONSOLE(342)] "FTS:Indexer:indexQueuedBatch: Completed", source: https://static.whatsapp.net/rsrc.php/v3/yx/r/dTw2bpHg7DW.js?_nc_x=Ij3Wp8lg5Kz (342)
[0901/192534.161:INFO:CONSOLE(342)] "FTS:Indexer:indexQueuedBatch: Starting new batch size : 1000", source: https://static.whatsapp.net/rsrc.php/v3/yx/r/dTw2bpHg7DW.js?_nc_x=Ij3Wp8lg5Kz (342)
[0901/192534.208:INFO:CONSOLE(342)] "FTS:Indexer:indexQueuedBatch: Completed batch", source: https://static.whatsapp.net/rsrc.php/v3/yx/r/dTw2bpHg7DW.js?_nc_x=Ij3Wp8lg5Kz (342)
[0901/192534.224:INFO:CONSOLE(342)] "FTS:Indexer:indexQueuedBatch: Completed", source: https://static.whatsapp.net/rsrc.php/v3/yx/r/dTw2bpHg7DW.js?_nc_x=Ij3Wp8lg5Kz (342)
[0901/192547.335:INFO:CONSOLE(150)] "Event handler of 'x-storagemutated-1' event must be added on the initial evaluation of worker script.", source: https://static.whatsapp.net/rsrc.php/v3/y-/r/xxtkUXlM69z.js?_nc_x=Ij3Wp8lg5Kz (150)
[0901/192603.174:INFO:CONSOLE(342)] "FTS:Indexer:indexQueuedBatch: Starting new batch size : 1000", source: https://static.whatsapp.net/rsrc.php/v3/yx/r/dTw2bpHg7DW.js?_nc_x=Ij3Wp8lg5Kz (342)
[0901/192603.238:INFO:CONSOLE(342)] "FTS:Indexer:indexQueuedBatch: Completed batch", source: https://static.whatsapp.net/rsrc.php/v3/yx/r/dTw2bpHg7DW.js?_nc_x=Ij3Wp8lg5Kz (342)
[0901/192603.264:INFO:CONSOLE(342)] "FTS:Indexer:indexQueuedBatch: Completed", source: https://static.whatsapp.net/rsrc.php/v3/yx/r/dTw2bpHg7DW.js?_nc_x=Ij3Wp8lg5Kz (342)
[0901/192608.308:INFO:CONSOLE(342)] "FTS:Indexer:indexQueuedBatch: Starting new batch size : 1000", source: https://static.whatsapp.net/rsrc.php/v3/yx/r/dTw2bpHg7DW.js?_nc_x=Ij3Wp8lg5Kz (342)
[0901/192608.363:INFO:CONSOLE(342)] "FTS:Indexer:indexQueuedBatch: Completed batch", source: https://static.whatsapp.net/rsrc.php/v3/yx/r/dTw2bpHg7DW.js?_nc_x=Ij3Wp8lg5Kz (342)
[0901/192608.404:INFO:CONSOLE(342)] "FTS:Indexer:indexQueuedBatch: Completed", source: https://static.whatsapp.net/rsrc.php/v3/yx/r/dTw2bpHg7DW.js?_nc_x=Ij3Wp8lg5Kz (342)
[0901/192618.251:INFO:CONSOLE(342)] "FTS:Indexer:indexQueuedBatch: Starting new batch size : 1000", source: https://static.whatsapp.net/rsrc.php/v3/yx/r/dTw2bpHg7DW.js?_nc_x=Ij3Wp8lg5Kz (342)
[0901/192618.331:INFO:CONSOLE(342)] "FTS:Indexer:indexQueuedBatch: Completed batch", source: https://static.whatsapp.net/rsrc.php/v3/yx/r/dTw2bpHg7DW.js?_nc_x=Ij3Wp8lg5Kz (342)
[0901/192618.332:INFO:CONSOLE(342)] "FTS:Indexer:indexQueuedBatch: Completed", source: https://static.whatsapp.net/rsrc.php/v3/yx/r/dTw2bpHg7DW.js?_nc_x=Ij3Wp8lg5Kz (342)
[0901/192619.114:INFO:CONSOLE(150)] "Event handler of 'x-storagemutated-1' event must be added on the initial evaluation of worker script.", source: https://static.whatsapp.net/rsrc.php/v3/y-/r/xxtkUXlM69z.js?_nc_x=Ij3Wp8lg5Kz (150)
[0901/192642.892:INFO:CONSOLE(342)] "FTS:Indexer:indexQueuedBatch: Starting new batch size : 1000", source: https://static.whatsapp.net/rsrc.php/v3/yx/r/dTw2bpHg7DW.js?_nc_x=Ij3Wp8lg5Kz (342)
[0901/192642.940:INFO:CONSOLE(342)] "FTS:Indexer:indexQueuedBatch: Completed batch", source: https://static.whatsapp.net/rsrc.php/v3/yx/r/dTw2bpHg7DW.js?_nc_x=Ij3Wp8lg5Kz (342)
[0901/192642.941:INFO:CONSOLE(342)] "FTS:Indexer:indexQueuedBatch: Completed", source: https://static.whatsapp.net/rsrc.php/v3/yx/r/dTw2bpHg7DW.js?_nc_x=Ij3Wp8lg5Kz (342)
[0901/192704.145:INFO:CONSOLE(150)] "Event handler of 'x-storagemutated-1' event must be added on the initial evaluation of worker script.", source: https://static.whatsapp.net/rsrc.php/v3/y-/r/xxtkUXlM69z.js?_nc_x=Ij3Wp8lg5Kz (150)
[0901/192807.416:INFO:CONSOLE(342)] "FTS:Indexer:indexQueuedBatch: Starting new batch size : 1000", source: https://static.whatsapp.net/rsrc.php/v3/yx/r/dTw2bpHg7DW.js?_nc_x=Ij3Wp8lg5Kz (342)
[0901/192807.514:INFO:CONSOLE(342)] "FTS:Indexer:indexQueuedBatch: Completed batch", source: https://static.whatsapp.net/rsrc.php/v3/yx/r/dTw2bpHg7DW.js?_nc_x=Ij3Wp8lg5Kz (342)
[0901/192807.515:INFO:CONSOLE(342)] "FTS:Indexer:indexQueuedBatch: Completed", source: https://static.whatsapp.net/rsrc.php/v3/yx/r/dTw2bpHg7DW.js?_nc_x=Ij3Wp8lg5Kz (342)
[0901/192829.078:INFO:CONSOLE(342)] "FTS:Indexer:indexQueuedBatch: Starting new batch size : 1000", source: https://static.whatsapp.net/rsrc.php/v3/yx/r/dTw2bpHg7DW.js?_nc_x=Ij3Wp8lg5Kz (342)
[0901/192829.155:INFO:CONSOLE(342)] "FTS:Indexer:indexQueuedBatch: Completed batch", source: https://static.whatsapp.net/rsrc.php/v3/yx/r/dTw2bpHg7DW.js?_nc_x=Ij3Wp8lg5Kz (342)
[0901/192829.156:INFO:CONSOLE(342)] "FTS:Indexer:indexQueuedBatch: Completed", source: https://static.whatsapp.net/rsrc.php/v3/yx/r/dTw2bpHg7DW.js?_nc_x=Ij3Wp8lg5Kz (342)
[0901/192906.768:INFO:CONSOLE(342)] "FTS:Indexer:indexQueuedBatch: Starting new batch size : 1000", source: https://static.whatsapp.net/rsrc.php/v3/yx/r/dTw2bpHg7DW.js?_nc_x=Ij3Wp8lg5Kz (342)
[0901/192906.797:INFO:CONSOLE(342)] "FTS:Indexer:indexQueuedBatch: Completed batch", source: https://static.whatsapp.net/rsrc.php/v3/yx/r/dTw2bpHg7DW.js?_nc_x=Ij3Wp8lg5Kz (342)
[0901/192906.814:INFO:CONSOLE(342)] "FTS:Indexer:indexQueuedBatch: Completed", source: https://static.whatsapp.net/rsrc.php/v3/yx/r/dTw2bpHg7DW.js?_nc_x=Ij3Wp8lg5Kz (342)
[0901/192907.794:INFO:CONSOLE(150)] "Event handler of 'x-storagemutated-1' event must be added on the initial evaluation of worker script.", source: https://static.whatsapp.net/rsrc.php/v3/y-/r/xxtkUXlM69z.js?_nc_x=Ij3Wp8lg5Kz (150)
[0901/192930.844:INFO:CONSOLE(342)] "FTS:Indexer:indexQueuedBatch: Starting new batch size : 1000", source: https://static.whatsapp.net/rsrc.php/v3/yx/r/dTw2bpHg7DW.js?_nc_x=Ij3Wp8lg5Kz (342)
[0901/192930.892:INFO:CONSOLE(342)] "FTS:Indexer:indexQueuedBatch: Completed batch", source: https://static.whatsapp.net/rsrc.php/v3/yx/r/dTw2bpHg7DW.js?_nc_x=Ij3Wp8lg5Kz (342)
[0901/192930.898:INFO:CONSOLE(342)] "FTS:Indexer:indexQueuedBatch: Completed", source: https://static.whatsapp.net/rsrc.php/v3/yx/r/dTw2bpHg7DW.js?_nc_x=Ij3Wp8lg5Kz (342)
[0901/193127.576:INFO:CONSOLE(150)] "Event handler of 'x-storagemutated-1' event must be added on the initial evaluation of worker script.", source: https://static.whatsapp.net/rsrc.php/v3/y-/r/xxtkUXlM69z.js?_nc_x=Ij3Wp8lg5Kz (150)
[0901/193133.731:INFO:CONSOLE(342)] "App reconnected to chatd, during same session", source: https://static.whatsapp.net/rsrc.php/v3/yx/r/dTw2bpHg7DW.js?_nc_x=Ij3Wp8lg5Kz (342)
